2024-09-22 05:41:04,265 +0000 ERROR	cli_common:1406 - Generating RSA private key, 2048 bit long modulus
..............................................................................................................................................+++++
............................+++++
e is 65537 (0x10001)
writing RSA key

2024-09-22 05:41:04,428 +0000 ERROR	cli_common:1406 - Generating RSA private key, 2048 bit long modulus
........+++++
...+++++
e is 65537 (0x10001)
writing RSA key

2024-09-22 17:20:30,584 +0000 ERROR	cli_common:1406 - Generating RSA private key, 2048 bit long modulus
......+++++
.....................................+++++
e is 65537 (0x10001)
writing RSA key

2024-09-22 17:20:30,803 +0000 ERROR	cli_common:1406 - Generating RSA private key, 2048 bit long modulus
..............................................................................+++++
....................+++++
e is 65537 (0x10001)
writing RSA key

