09-22-2024 05:41:10.518 +0000 INFO  ServerConfig - TLS Sidecar disabled
09-22-2024 05:41:10.518 +0000 WARN  SSLOptions - server.conf/[sslConfig]/sslVerifyServerCert is false disabling certificate validation; must be set to "true" for increased security
09-22-2024 05:41:10.518 +0000 INFO  ServerConfig - No '/opt/splunk/etc/auth/server.pem' certificate found.  Splunkd communication will not work without this.  If this is a fresh installation, this should be OK.
09-22-2024 05:41:10.518 +0000 INFO  ServerConfig - disableSSLShutdown=0
09-22-2024 05:41:10.518 +0000 INFO  ServerConfig - Setting search process to have long life span: enable_search_process_long_lifespan=1
09-22-2024 05:41:10.518 +0000 INFO  ServerConfig - enableTeleportSupervisor=1, scsEvironment=production
09-22-2024 05:41:10.518 +0000 INFO  ServerConfig - Splunk is starting with EC-SSC disabled
09-22-2024 05:41:10.528 +0000 INFO  ServerConfig - certificateStatusValidationMethod is not set, defaulting to none.
09-22-2024 05:41:11.728 +0000 INFO  loader - Getting configuration data from: /opt/splunk/etc/myinstall/splunkd.xml
09-22-2024 05:41:11.738 +0000 INFO  loader - SPLUNK_MODULE_PATH environment variable not found - defaulting to /opt/splunk/etc/modules
09-22-2024 05:41:11.738 +0000 INFO  loader - loading modules from /opt/splunk/etc/modules
09-22-2024 05:41:11.738 +0000 INFO  loader - Writing out composite configuration file: /opt/splunk/var/run/splunk/composite.xml
09-22-2024 05:41:23.420 +0000 INFO  ServerConfig - TLS Sidecar disabled
09-22-2024 05:41:23.420 +0000 WARN  SSLOptions - server.conf/[sslConfig]/sslVerifyServerCert is false disabling certificate validation; must be set to "true" for increased security
09-22-2024 05:41:23.420 +0000 INFO  ServerConfig - disableSSLShutdown=0
09-22-2024 05:41:23.420 +0000 INFO  ServerConfig - Setting search process to have long life span: enable_search_process_long_lifespan=1
09-22-2024 05:41:23.420 +0000 INFO  ServerConfig - enableTeleportSupervisor=1, scsEvironment=production
09-22-2024 05:41:23.420 +0000 INFO  ServerConfig - Splunk is starting with EC-SSC disabled
09-22-2024 05:41:23.420 +0000 INFO  ServerConfig - certificateStatusValidationMethod is not set, defaulting to none.
09-22-2024 05:41:24.730 +0000 INFO  loader - Getting configuration data from: /opt/splunk/etc/myinstall/splunkd.xml
09-22-2024 05:41:24.740 +0000 INFO  loader - SPLUNK_MODULE_PATH environment variable not found - defaulting to /opt/splunk/etc/modules
09-22-2024 05:41:24.740 +0000 INFO  loader - loading modules from /opt/splunk/etc/modules
09-22-2024 05:41:24.740 +0000 INFO  loader - Writing out composite configuration file: /opt/splunk/var/run/splunk/composite.xml
09-22-2024 05:41:36.660 +0000 INFO  ServerConfig - TLS Sidecar disabled
09-22-2024 05:41:36.660 +0000 WARN  SSLOptions - server.conf/[sslConfig]/sslVerifyServerCert is false disabling certificate validation; must be set to "true" for increased security
09-22-2024 05:41:36.660 +0000 INFO  ServerConfig - disableSSLShutdown=0
09-22-2024 05:41:36.660 +0000 INFO  ServerConfig - Setting search process to have long life span: enable_search_process_long_lifespan=1
09-22-2024 05:41:36.660 +0000 INFO  ServerConfig - enableTeleportSupervisor=1, scsEvironment=production
09-22-2024 05:41:36.660 +0000 INFO  ServerConfig - Splunk is starting with EC-SSC disabled
09-22-2024 05:41:36.660 +0000 INFO  ServerConfig - certificateStatusValidationMethod is not set, defaulting to none.
09-22-2024 05:41:38.100 +0000 INFO  loader - Getting configuration data from: /opt/splunk/etc/myinstall/splunkd.xml
09-22-2024 05:41:38.110 +0000 INFO  loader - SPLUNK_MODULE_PATH environment variable not found - defaulting to /opt/splunk/etc/modules
09-22-2024 05:41:38.110 +0000 INFO  loader - loading modules from /opt/splunk/etc/modules
09-22-2024 05:41:38.110 +0000 INFO  loader - Writing out composite configuration file: /opt/splunk/var/run/splunk/composite.xml
09-22-2024 05:41:50.012 +0000 INFO  ServerConfig - TLS Sidecar disabled
09-22-2024 05:41:50.022 +0000 WARN  SSLOptions - server.conf/[sslConfig]/sslVerifyServerCert is false disabling certificate validation; must be set to "true" for increased security
09-22-2024 05:41:50.022 +0000 INFO  ServerConfig - disableSSLShutdown=0
09-22-2024 05:41:50.022 +0000 INFO  ServerConfig - Setting search process to have long life span: enable_search_process_long_lifespan=1
09-22-2024 05:41:50.022 +0000 INFO  ServerConfig - enableTeleportSupervisor=1, scsEvironment=production
09-22-2024 05:41:50.022 +0000 INFO  ServerConfig - Splunk is starting with EC-SSC disabled
09-22-2024 05:41:50.022 +0000 INFO  ServerConfig - certificateStatusValidationMethod is not set, defaulting to none.
09-22-2024 05:41:51.422 +0000 INFO  loader - Getting configuration data from: /opt/splunk/etc/myinstall/splunkd.xml
09-22-2024 05:41:51.422 +0000 INFO  loader - SPLUNK_MODULE_PATH environment variable not found - defaulting to /opt/splunk/etc/modules
09-22-2024 05:41:51.422 +0000 INFO  loader - loading modules from /opt/splunk/etc/modules
09-22-2024 05:41:51.432 +0000 INFO  loader - Writing out composite configuration file: /opt/splunk/var/run/splunk/composite.xml
09-22-2024 05:42:03.232 +0000 INFO  ServerConfig - TLS Sidecar disabled
09-22-2024 05:42:03.242 +0000 WARN  SSLOptions - server.conf/[sslConfig]/sslVerifyServerCert is false disabling certificate validation; must be set to "true" for increased security
09-22-2024 05:42:03.242 +0000 INFO  ServerConfig - disableSSLShutdown=0
09-22-2024 05:42:03.242 +0000 INFO  ServerConfig - Setting search process to have long life span: enable_search_process_long_lifespan=1
09-22-2024 05:42:03.242 +0000 INFO  ServerConfig - enableTeleportSupervisor=1, scsEvironment=production
09-22-2024 05:42:03.242 +0000 INFO  ServerConfig - Splunk is starting with EC-SSC disabled
09-22-2024 05:42:03.242 +0000 INFO  ServerConfig - certificateStatusValidationMethod is not set, defaulting to none.
09-22-2024 05:42:04.652 +0000 INFO  loader - Getting configuration data from: /opt/splunk/etc/myinstall/splunkd.xml
09-22-2024 05:42:04.652 +0000 INFO  loader - SPLUNK_MODULE_PATH environment variable not found - defaulting to /opt/splunk/etc/modules
09-22-2024 05:42:04.652 +0000 INFO  loader - loading modules from /opt/splunk/etc/modules
09-22-2024 05:42:04.652 +0000 INFO  loader - Writing out composite configuration file: /opt/splunk/var/run/splunk/composite.xml
09-22-2024 05:42:16.452 +0000 INFO  ServerConfig - TLS Sidecar disabled
09-22-2024 05:42:16.462 +0000 WARN  SSLOptions - server.conf/[sslConfig]/sslVerifyServerCert is false disabling certificate validation; must be set to "true" for increased security
09-22-2024 05:42:16.462 +0000 INFO  ServerConfig - disableSSLShutdown=0
09-22-2024 05:42:16.462 +0000 INFO  ServerConfig - Setting search process to have long life span: enable_search_process_long_lifespan=1
09-22-2024 05:42:16.462 +0000 INFO  ServerConfig - enableTeleportSupervisor=1, scsEvironment=production
09-22-2024 05:42:16.462 +0000 INFO  ServerConfig - Splunk is starting with EC-SSC disabled
09-22-2024 05:42:16.462 +0000 INFO  ServerConfig - certificateStatusValidationMethod is not set, defaulting to none.
09-22-2024 05:42:17.832 +0000 INFO  loader - Getting configuration data from: /opt/splunk/etc/myinstall/splunkd.xml
09-22-2024 05:42:17.842 +0000 INFO  loader - SPLUNK_MODULE_PATH environment variable not found - defaulting to /opt/splunk/etc/modules
09-22-2024 05:42:17.842 +0000 INFO  loader - loading modules from /opt/splunk/etc/modules
09-22-2024 05:42:17.842 +0000 INFO  loader - Writing out composite configuration file: /opt/splunk/var/run/splunk/composite.xml
09-22-2024 17:20:36.558 +0000 INFO  ServerConfig - TLS Sidecar disabled
09-22-2024 17:20:36.578 +0000 WARN  SSLOptions - server.conf/[sslConfig]/sslVerifyServerCert is false disabling certificate validation; must be set to "true" for increased security
09-22-2024 17:20:36.578 +0000 INFO  ServerConfig - No '/opt/splunk/etc/auth/server.pem' certificate found.  Splunkd communication will not work without this.  If this is a fresh installation, this should be OK.
09-22-2024 17:20:36.578 +0000 INFO  ServerConfig - disableSSLShutdown=0
09-22-2024 17:20:36.578 +0000 INFO  ServerConfig - Setting search process to have long life span: enable_search_process_long_lifespan=1
09-22-2024 17:20:36.578 +0000 INFO  ServerConfig - enableTeleportSupervisor=1, scsEvironment=production
09-22-2024 17:20:36.578 +0000 INFO  ServerConfig - Splunk is starting with EC-SSC disabled
09-22-2024 17:20:36.578 +0000 INFO  ServerConfig - certificateStatusValidationMethod is not set, defaulting to none.
09-22-2024 17:20:37.898 +0000 INFO  loader - Getting configuration data from: /opt/splunk/etc/myinstall/splunkd.xml
09-22-2024 17:20:37.908 +0000 INFO  loader - SPLUNK_MODULE_PATH environment variable not found - defaulting to /opt/splunk/etc/modules
09-22-2024 17:20:37.908 +0000 INFO  loader - loading modules from /opt/splunk/etc/modules
09-22-2024 17:20:37.908 +0000 INFO  loader - Writing out composite configuration file: /opt/splunk/var/run/splunk/composite.xml
09-22-2024 17:20:49.327 +0000 INFO  ServerConfig - TLS Sidecar disabled
09-22-2024 17:20:49.327 +0000 WARN  SSLOptions - server.conf/[sslConfig]/sslVerifyServerCert is false disabling certificate validation; must be set to "true" for increased security
09-22-2024 17:20:49.327 +0000 INFO  ServerConfig - disableSSLShutdown=0
09-22-2024 17:20:49.327 +0000 INFO  ServerConfig - Setting search process to have long life span: enable_search_process_long_lifespan=1
09-22-2024 17:20:49.327 +0000 INFO  ServerConfig - enableTeleportSupervisor=1, scsEvironment=production
09-22-2024 17:20:49.327 +0000 INFO  ServerConfig - Splunk is starting with EC-SSC disabled
09-22-2024 17:20:49.327 +0000 INFO  ServerConfig - certificateStatusValidationMethod is not set, defaulting to none.
09-22-2024 17:20:50.527 +0000 INFO  loader - Getting configuration data from: /opt/splunk/etc/myinstall/splunkd.xml
09-22-2024 17:20:50.527 +0000 INFO  loader - SPLUNK_MODULE_PATH environment variable not found - defaulting to /opt/splunk/etc/modules
09-22-2024 17:20:50.527 +0000 INFO  loader - loading modules from /opt/splunk/etc/modules
09-22-2024 17:20:50.537 +0000 INFO  loader - Writing out composite configuration file: /opt/splunk/var/run/splunk/composite.xml
09-22-2024 17:21:02.419 +0000 INFO  ServerConfig - TLS Sidecar disabled
09-22-2024 17:21:02.429 +0000 WARN  SSLOptions - server.conf/[sslConfig]/sslVerifyServerCert is false disabling certificate validation; must be set to "true" for increased security
09-22-2024 17:21:02.429 +0000 INFO  ServerConfig - disableSSLShutdown=0
09-22-2024 17:21:02.429 +0000 INFO  ServerConfig - Setting search process to have long life span: enable_search_process_long_lifespan=1
09-22-2024 17:21:02.429 +0000 INFO  ServerConfig - enableTeleportSupervisor=1, scsEvironment=production
09-22-2024 17:21:02.429 +0000 INFO  ServerConfig - Splunk is starting with EC-SSC disabled
09-22-2024 17:21:02.429 +0000 INFO  ServerConfig - certificateStatusValidationMethod is not set, defaulting to none.
09-22-2024 17:21:03.979 +0000 INFO  loader - Getting configuration data from: /opt/splunk/etc/myinstall/splunkd.xml
09-22-2024 17:21:03.979 +0000 INFO  loader - SPLUNK_MODULE_PATH environment variable not found - defaulting to /opt/splunk/etc/modules
09-22-2024 17:21:03.979 +0000 INFO  loader - loading modules from /opt/splunk/etc/modules
09-22-2024 17:21:03.979 +0000 INFO  loader - Writing out composite configuration file: /opt/splunk/var/run/splunk/composite.xml
09-22-2024 17:21:15.689 +0000 INFO  ServerConfig - TLS Sidecar disabled
09-22-2024 17:21:15.699 +0000 WARN  SSLOptions - server.conf/[sslConfig]/sslVerifyServerCert is false disabling certificate validation; must be set to "true" for increased security
09-22-2024 17:21:15.699 +0000 INFO  ServerConfig - disableSSLShutdown=0
09-22-2024 17:21:15.699 +0000 INFO  ServerConfig - Setting search process to have long life span: enable_search_process_long_lifespan=1
09-22-2024 17:21:15.699 +0000 INFO  ServerConfig - enableTeleportSupervisor=1, scsEvironment=production
09-22-2024 17:21:15.699 +0000 INFO  ServerConfig - Splunk is starting with EC-SSC disabled
09-22-2024 17:21:15.699 +0000 INFO  ServerConfig - certificateStatusValidationMethod is not set, defaulting to none.
09-22-2024 17:21:17.039 +0000 INFO  loader - Getting configuration data from: /opt/splunk/etc/myinstall/splunkd.xml
09-22-2024 17:21:17.039 +0000 INFO  loader - SPLUNK_MODULE_PATH environment variable not found - defaulting to /opt/splunk/etc/modules
09-22-2024 17:21:17.039 +0000 INFO  loader - loading modules from /opt/splunk/etc/modules
09-22-2024 17:21:17.039 +0000 INFO  loader - Writing out composite configuration file: /opt/splunk/var/run/splunk/composite.xml
09-22-2024 17:21:28.861 +0000 INFO  ServerConfig - TLS Sidecar disabled
09-22-2024 17:21:28.871 +0000 WARN  SSLOptions - server.conf/[sslConfig]/sslVerifyServerCert is false disabling certificate validation; must be set to "true" for increased security
09-22-2024 17:21:28.871 +0000 INFO  ServerConfig - disableSSLShutdown=0
09-22-2024 17:21:28.871 +0000 INFO  ServerConfig - Setting search process to have long life span: enable_search_process_long_lifespan=1
09-22-2024 17:21:28.871 +0000 INFO  ServerConfig - enableTeleportSupervisor=1, scsEvironment=production
09-22-2024 17:21:28.871 +0000 INFO  ServerConfig - Splunk is starting with EC-SSC disabled
09-22-2024 17:21:28.871 +0000 INFO  ServerConfig - certificateStatusValidationMethod is not set, defaulting to none.
09-22-2024 17:21:30.241 +0000 INFO  loader - Getting configuration data from: /opt/splunk/etc/myinstall/splunkd.xml
09-22-2024 17:21:30.251 +0000 INFO  loader - SPLUNK_MODULE_PATH environment variable not found - defaulting to /opt/splunk/etc/modules
09-22-2024 17:21:30.251 +0000 INFO  loader - loading modules from /opt/splunk/etc/modules
09-22-2024 17:21:30.251 +0000 INFO  loader - Writing out composite configuration file: /opt/splunk/var/run/splunk/composite.xml
09-22-2024 17:21:41.661 +0000 INFO  ServerConfig - TLS Sidecar disabled
09-22-2024 17:21:41.671 +0000 WARN  SSLOptions - server.conf/[sslConfig]/sslVerifyServerCert is false disabling certificate validation; must be set to "true" for increased security
09-22-2024 17:21:41.671 +0000 INFO  ServerConfig - disableSSLShutdown=0
09-22-2024 17:21:41.671 +0000 INFO  ServerConfig - Setting search process to have long life span: enable_search_process_long_lifespan=1
09-22-2024 17:21:41.671 +0000 INFO  ServerConfig - enableTeleportSupervisor=1, scsEvironment=production
09-22-2024 17:21:41.671 +0000 INFO  ServerConfig - Splunk is starting with EC-SSC disabled
09-22-2024 17:21:41.671 +0000 INFO  ServerConfig - certificateStatusValidationMethod is not set, defaulting to none.
09-22-2024 17:21:42.691 +0000 INFO  loader - Getting configuration data from: /opt/splunk/etc/myinstall/splunkd.xml
09-22-2024 17:21:42.691 +0000 INFO  loader - SPLUNK_MODULE_PATH environment variable not found - defaulting to /opt/splunk/etc/modules
09-22-2024 17:21:42.691 +0000 INFO  loader - loading modules from /opt/splunk/etc/modules
09-22-2024 17:21:42.691 +0000 INFO  loader - Writing out composite configuration file: /opt/splunk/var/run/splunk/composite.xml
